<?xml version="1.0" encoding="UTF-8"?>
<!-- Generated by org.testng.reporters.JUnitXMLReporter -->
<testsuite hostname="Lipu-PC" ignored="0" name="Test" tests="1" failures="1" timestamp="05 Oct 2019 10:26:45 GMT" time="34.789" errors="0">
  <testcase name="homePageTest" time="0.035" classname="com.qa.testcases.LoginPageTest">
    <failure type="java.lang.NullPointerException">
      <![CDATA[java.lang.NullPointerException
	at org.openqa.selenium.support.events.EventFiringWebDriver.extractInterfaces(EventFiringWebDriver.java:120)
	at org.openqa.selenium.support.events.EventFiringWebDriver.<init>(EventFiringWebDriver.java:94)
	at com.qa.base.TestBase.getEventDriver(TestBase.java:109)
	at com.qa.testcases.LoginPageTest.homePageTest(LoginPageTest.java:28)
... Removed 25 stack frames]]>
    </failure>
  </testcase> <!-- homePageTest -->
</testsuite> <!-- Test -->
